<?xml version="1.0" encoding="UTF-8"?>
<!-- Generated by org.testng.reporters.JUnitReportReporter -->
<testsuite skipped="0" hostname="Mir-PC" name="com.facebookPageObject.testcases.LoginTest" tests="1" failures="0" timestamp="27 Aug 2019 19:59:16 GMT" time="25.354" errors="0">
  <testcase name="doLogin" time="25.354" classname="com.facebookPageObject.testcases.LoginTest"/>
</testsuite> <!-- com.facebookPageObject.testcases.LoginTest -->
