<?xml version="1.0" encoding="UTF-8"?>
<!-- Generated by org.testng.reporters.JUnitReportReporter -->
<testsuite skipped="0" hostname="Mir-PC" name="com.facebookPageObject.testcases.ChangePasswordTest" tests="1" failures="0" timestamp="27 Aug 2019 19:59:16 GMT" time="0.065" errors="0">
  <testcase name="changePasswordTest" time="0.065" classname="com.facebookPageObject.testcases.ChangePasswordTest"/>
</testsuite> <!-- com.facebookPageObject.testcases.ChangePasswordTest -->
