<?xml version="1.0" encoding="UTF-8"?>
<!-- Generated by org.testng.reporters.JUnitReportReporter -->
<testsuite skipped="0" hostname="Mir-PC" name="com.facebookPageObject.testcases.ChangePasswordTest4" tests="1" failures="0" timestamp="29 Aug 2019 22:54:37 GMT" time="33.393" errors="0">
  <testcase name="changePasswordTest" time="33.393" classname="com.facebookPageObject.testcases.ChangePasswordTest4"/>
</testsuite> <!-- com.facebookPageObject.testcases.ChangePasswordTest4 -->
