<?xml version="1.0" encoding="UTF-8"?>
<!-- Generated by org.testng.reporters.JUnitReportReporter -->
<testsuite skipped="0" hostname="Mir-PC" name="com.facebookPageObject.testcases.ProfileTest" tests="1" failures="0" timestamp="26 Aug 2019 23:00:56 GMT" time="17.488" errors="0">
  <testcase name="testProfile" time="17.488" classname="com.facebookPageObject.testcases.ProfileTest"/>
</testsuite> <!-- com.facebookPageObject.testcases.ProfileTest -->
