<?xml version="1.0" encoding="UTF-8"?>
<!-- Generated by org.testng.reporters.JUnitReportReporter -->
<testsuite skipped="0" hostname="Mir-PC" name="com.facebookPageObject.testcases.ProfileTest2" tests="1" failures="0" timestamp="27 Aug 2019 04:53:29 GMT" time="44.983" errors="0">
  <testcase name="testProfile" time="44.983" classname="com.facebookPageObject.testcases.ProfileTest2"/>
</testsuite> <!-- com.facebookPageObject.testcases.ProfileTest2 -->
