<?xml version="1.0" encoding="UTF-8"?>
<!-- Generated by org.testng.reporters.JUnitReportReporter -->
<testsuite skipped="0" hostname="Mir-PC" name="com.facebookPageObject.testcases.ProfileTest4" tests="1" failures="0" timestamp="28 Aug 2019 02:46:12 GMT" time="46.317" errors="0">
  <testcase name="testProfile" time="46.317" classname="com.facebookPageObject.testcases.ProfileTest4"/>
</testsuite> <!-- com.facebookPageObject.testcases.ProfileTest4 -->
