<?xml version="1.0" encoding="UTF-8"?>
<!-- Generated by org.testng.reporters.JUnitReportReporter -->
<testsuite skipped="0" hostname="Mir-PC" name="com.facebookPageObject.testcases.ProfileTest3" tests="1" failures="0" timestamp="27 Aug 2019 08:55:52 GMT" time="43.626" errors="0">
  <testcase name="testProfile" time="43.626" classname="com.facebookPageObject.testcases.ProfileTest3"/>
</testsuite> <!-- com.facebookPageObject.testcases.ProfileTest3 -->
